<?xml version="1.0" encoding="UTF-8"?>
<!-- Generated by org.testng.reporters.JUnitReportReporter -->
<testsuite skipped="0" hostname="LAPTOP-R3I7J7LA" name="com.acti.testcase.TC01_LoginTest" tests="1" failures="0" timestamp="07 Nov 2020 03:00:42 GMT" time="8.965" errors="0">
  <testcase name="testLoginFunction" time="8.965" classname="com.acti.testcase.TC01_LoginTest"/>
</testsuite> <!-- com.acti.testcase.TC01_LoginTest -->
