<?xml version="1.0" encoding="UTF-8"?>
<!-- Generated by org.testng.reporters.JUnitReportReporter -->
<testsuite skipped="0" hostname="LAPTOP-R3I7J7LA" name="com.acti.base.DriverScript" tests="1" failures="0" timestamp="06 Nov 2020 01:54:10 GMT" time="6.938" errors="0">
  <testcase name="initBrowser" time="6.938" classname="com.acti.base.DriverScript"/>
</testsuite> <!-- com.acti.base.DriverScript -->
