<?xml version="1.0" encoding="UTF-8"?>
<!-- Generated by org.testng.reporters.JUnitReportReporter -->
<testsuite skipped="0" hostname="LAPTOP-R3I7J7LA" name="com.acti.testcase.TC01_LoginTest1" tests="1" failures="0" timestamp="07 Nov 2020 01:03:39 GMT" time="13.008" errors="0">
  <testcase name="testLoginFunction" time="13.008" classname="com.acti.testcase.TC01_LoginTest1"/>
</testsuite> <!-- com.acti.testcase.TC01_LoginTest1 -->
