<?xml version="1.0" encoding="UTF-8"?>
<!-- Generated by org.testng.reporters.JUnitReportReporter -->
<testsuite skipped="0" hostname="LAPTOP-R3I7J7LA" name="com.acti.base.DriverScript" tests="1" failures="0" timestamp="07 Nov 2020 00:21:23 GMT" time="11.151" errors="0">
  <testcase name="initBrowser" time="11.151" classname="com.acti.base.DriverScript"/>
</testsuite> <!-- com.acti.base.DriverScript -->
